Xilinx Platform Studio (XPS)
Xilinx EDK 14.7 Build EDK_P.20131013
Copyright (c) 1995-2012 Xilinx, Inc.  All rights reserved.


********************************************************************************
At Local date and time: Wed Jul 23 19:53:59 2014
 make -f system.make bits started...
****************************************************
Creating system netlist for hardware specification..
****************************************************
platgen -p xc7z010clg400-2 -lang vhdl -intstyle default    -msg __xps/ise/xmsgprops.lst system.mhs

Release 14.7 - platgen Xilinx EDK 14.7 Build EDK_P.20131013
 (lin64)
Copyright (c) 1995-2013 Xilinx, Inc.  All rights reserved.


Command Line: platgen -p xc7z010clg400-2 -lang vhdl -intstyle default -msg
__xps/ise/xmsgprops.lst system.mhs 

Parse /home/arlininger/FPGA/ZYBO/zybo_modified_system/source/ise/hw/system.mhs
...

Read MPD definitions ...

Overriding IP level properties ...
INFO:EDK:4130 - IPNAME: axi_interconnect, INSTANCE:axi4lite_0 - tcl is
   overriding PARAMETER C_BASEFAMILY value to zynq -
   /opt/Xilinx/14.7/ISE_DS/EDK/hw/XilinxProcessorIPLib/pcores/axi_interconnect_v
   1_06_a/data/axi_interconnect_v2_1_0.mpd line 81 
INFO:EDK:4130 - IPNAME: processing_system7, INSTANCE:processing_system7_0 - tcl
   is overriding PARAMETER C_PACKAGE_NAME value to clg400 -
   /opt/Xilinx/14.7/ISE_DS/EDK/hw/XilinxProcessorIPLib/pcores/processing_system7
   _v4_03_a/data/processing_system7_v2_1_0.mpd line 185 
INFO:EDK:4130 - IPNAME: processing_system7, INSTANCE:processing_system7_0 - tcl
   is overriding PARAMETER C_S_AXI_HP0_HIGHADDR value to 0x1FFFFFFF -
   /opt/Xilinx/14.7/ISE_DS/EDK/hw/XilinxProcessorIPLib/pcores/processing_system7
   _v4_03_a/data/processing_system7_v2_1_0.mpd line 300 
INFO:EDK:4130 - IPNAME: processing_system7, INSTANCE:processing_system7_0 - tcl
   is overriding PARAMETER C_S_AXI_HP1_HIGHADDR value to 0x1FFFFFFF -
   /opt/Xilinx/14.7/ISE_DS/EDK/hw/XilinxProcessorIPLib/pcores/processing_system7
   _v4_03_a/data/processing_system7_v2_1_0.mpd line 304 
INFO:EDK:4130 - IPNAME: processing_system7, INSTANCE:processing_system7_0 - tcl
   is overriding PARAMETER C_S_AXI_HP2_HIGHADDR value to 0x1FFFFFFF -
   /opt/Xilinx/14.7/ISE_DS/EDK/hw/XilinxProcessorIPLib/pcores/processing_system7
   _v4_03_a/data/processing_system7_v2_1_0.mpd line 308 
INFO:EDK:4130 - IPNAME: processing_system7, INSTANCE:processing_system7_0 - tcl
   is overriding PARAMETER C_S_AXI_HP3_HIGHADDR value to 0x1FFFFFFF -
   /opt/Xilinx/14.7/ISE_DS/EDK/hw/XilinxProcessorIPLib/pcores/processing_system7
   _v4_03_a/data/processing_system7_v2_1_0.mpd line 312 
INFO:EDK:4130 - IPNAME: axi_interconnect, INSTANCE:axi_interconnect_1 - tcl is
   overriding PARAMETER C_BASEFAMILY value to zynq -
   /opt/Xilinx/14.7/ISE_DS/EDK/hw/XilinxProcessorIPLib/pcores/axi_interconnect_v
   1_06_a/data/axi_interconnect_v2_1_0.mpd line 81 

Computing clock values...
INFO:EDK:1432 - Frequency for Top-Level Input Clock
   'processing_system7_0_PS_CLK' is not specified. Clock DRCs will not be
   performed for IPs connected to that clock port, unless they are connected
   through the clock generator IP. 

INFO:EDK:740 - Cannot determine the input clock associated with port :
   axi_dispctrl_0:PXL_CLK_O. Clock DRCs will not be performed on this core and
   cores connected to it. 
INFO:EDK:740 - Cannot determine the input clock associated with port :
   axi_dispctrl_1:PXL_CLK_O. Clock DRCs will not be performed on this core and
   cores connected to it. 
INFO:EDK:740 - Cannot determine the input clock associated with port :
   axi_dispctrl_1:PXL_CLK_5X_O. Clock DRCs will not be performed on this core
   and cores connected to it. 
INFO:EDK:740 - Cannot determine the input clock associated with port :
   axi_dispctrl_1:PXL_CLK_O. Clock DRCs will not be performed on this core and
   cores connected to it. 

Performing IP level DRCs on properties...

Running DRC Tcl procedures for OPTION IPLEVEL_DRC_PROC...
INFO:EDK - INFO: DDR Base and High address in current configuration is
   0x00000000 and 0x1FFFFFFF respectively. 
INFO:EDK - INFO: You can modify the DDR address range accessed by Programmable
   Logic through the processing_system7 AXI slave interfaces. If MicroBlaze is a
   master on processing_system7 AXI slave interfaces, please use the top half of
   the address range (Base Address = 0x10000000; High Address = 0x1FFFFFFF). For
   all other master, any subset of the DDR address can be used. See Xilinx
   Answer 47167 for more information. 
Address Map for Processor processing_system7_0
  (0x41200000-0x4120ffff) SWs_4Bits	axi4lite_0
  (0x41220000-0x4122ffff) LEDs_4Bits	axi4lite_0
  (0x41240000-0x4124ffff) BTNs_4Bits	axi4lite_0
  (0x43000000-0x4300ffff) axi_vdma_1	axi4lite_0
  (0x43020000-0x4302ffff) axi_vdma_0	axi4lite_0
  (0x77600000-0x7760ffff) axi_i2s_adi_0	axi4lite_0
  (0x7de00000-0x7de0ffff) axi_dispctrl_1	axi4lite_0
  (0x7de20000-0x7de2ffff) axi_dispctrl_0	axi4lite_0

Checking platform address map ...

Checking platform configuration ...
IPNAME: axi_interconnect, INSTANCE: axi4lite_0 - 1 master(s) : 8 slave(s) 
IPNAME: axi_interconnect, INSTANCE: axi_interconnect_1 - 2 master(s) : 1
slave(s) 

Checking port drivers...
WARNING:EDK:4180 - PORT: S_AXIS_ARESETN, CONNECTOR:
   axi_vdma_0_M_AXIS_MM2S_ARESETN - No driver found. Port will be driven to VCC
   -
   /home/arlininger/FPGA/ZYBO/zybo_modified_system/source/ise/hw/pcores/axi_disp
   ctrl_v1_00_a/data/axi_dispctrl_v2_1_0.mpd line 86 
WARNING:EDK:4180 - PORT: S_AXIS_ARESETN, CONNECTOR:
   axi_vdma_1_M_AXIS_MM2S_ARESETN - No driver found. Port will be driven to VCC
   -
   /home/arlininger/FPGA/ZYBO/zybo_modified_system/source/ise/hw/pcores/axi_disp
   ctrl_v1_00_a/data/axi_dispctrl_v2_1_0.mpd line 86 
WARNING:EDK:4181 - PORT: FCLK_RESET1_N, CONNECTOR:
   processing_system7_0_FCLK_RESET1_N - floating connection -
   /home/arlininger/FPGA/ZYBO/zybo_modified_system/source/ise/hw/system.mhs line
   188 
WARNING:EDK:4181 - PORT: FCLK_RESET0_N, CONNECTOR:
   processing_system7_0_FCLK_RESET0_N_0 - floating connection -
   /home/arlininger/FPGA/ZYBO/zybo_modified_system/source/ise/hw/system.mhs line
   180 
WARNING:EDK:4181 - PORT: m_axis_mm2s_tuser, CONNECTOR:
   axi_vdma_0_M_AXIS_MM2S_TUSER - floating connection -
   /opt/Xilinx/14.7/ISE_DS/EDK/hw/XilinxProcessorIPLib/pcores/axi_vdma_v5_04_a/d
   ata/axi_vdma_v2_1_0.mpd line 212 
WARNING:EDK:4181 - PORT: mm2s_buffer_almost_empty, CONNECTOR:
   axi_vdma_0_mm2s_buffer_almost_empty - floating connection -
   /home/arlininger/FPGA/ZYBO/zybo_modified_system/source/ise/hw/system.mhs line
   233 
WARNING:EDK:4181 - PORT: m_axis_mm2s_tuser, CONNECTOR:
   axi_vdma_1_M_AXIS_MM2S_TUSER - floating connection -
   /opt/Xilinx/14.7/ISE_DS/EDK/hw/XilinxProcessorIPLib/pcores/axi_vdma_v5_04_a/d
   ata/axi_vdma_v2_1_0.mpd line 212 

Performing Clock DRCs...

Performing Reset DRCs...

Overriding system level properties...

INFO: Setting C_RANGE_CHECK = ON for axi_interconnect axi4lite_0.
INFO:EDK:4130 - IPNAME: axi_interconnect, INSTANCE:axi4lite_0 - tcl is
   overriding PARAMETER C_RANGE_CHECK value to 1 -
   /opt/Xilinx/14.7/ISE_DS/EDK/hw/XilinxProcessorIPLib/pcores/axi_interconnect_v
   1_06_a/data/axi_interconnect_v2_1_0.mpd line 149 
INFO:EDK:4130 - IPNAME: processing_system7, INSTANCE:processing_system7_0 - tcl
   is overriding PARAMETER C_FCLK_CLK3_BUF value to FALSE -
   /opt/Xilinx/14.7/ISE_DS/EDK/hw/XilinxProcessorIPLib/pcores/processing_system7
   _v4_03_a/data/processing_system7_v2_1_0.mpd line 353 

INFO: Setting C_RANGE_CHECK = OFF for axi_interconnect axi_interconnect_1; no
DECERR checking will be performed.
INFO:EDK:4130 - IPNAME: axi_interconnect, INSTANCE:axi_interconnect_1 - tcl is
   overriding PARAMETER C_RANGE_CHECK value to 0 -
   /opt/Xilinx/14.7/ISE_DS/EDK/hw/XilinxProcessorIPLib/pcores/axi_interconnect_v
   1_06_a/data/axi_interconnect_v2_1_0.mpd line 149 

Running system level update procedures...

Running UPDATE Tcl procedures for OPTION SYSLEVEL_UPDATE_PROC...
ZynqConfig: Terminated for tcl mode

Running system level DRCs...

Performing System level DRCs on properties...

Running DRC Tcl procedures for OPTION SYSLEVEL_DRC_PROC...
ZynqConfig: Terminated for tcl mode

Running UPDATE Tcl procedures for OPTION PLATGEN_SYSLEVEL_UPDATE_PROC...
INFO: No asynchronous clock conversions in axi_interconnect axi4lite_0.
ZynqConfig: Terminated for tcl mode
INFO: No asynchronous clock conversions in axi_interconnect axi_interconnect_1.

Modify defaults ...

Creating stub ...

Processing licensed instances ...
Completion time: 0.00 seconds

Creating hardware output directories ...

Managing hardware (BBD-specified) netlist files ...

Managing cache ...

Elaborating instances ...

Writing HDL for elaborated instances ...

Inserting wrapper level ...
Completion time: 0.00 seconds

Constructing platform-level connectivity ...
Completion time: 1.00 seconds

Writing (top-level) BMM ...

Writing (top-level and wrappers) HDL ...

Generating synthesis project file ...

Running XST synthesis ...

INFO:EDK:4211 - The following instances are synthesized with XST. The MPD option
   IMP_NETLIST=TRUE indicates that a NGC file is to be produced using XST
   synthesis. IMP_NETLIST=FALSE (default) instances are not synthesized. 
INSTANCE:axi4lite_0 -
/home/arlininger/FPGA/ZYBO/zybo_modified_system/source/ise/hw/system.mhs line 54
- Running XST synthesis
PMSPEC -- Overriding Xilinx file
</opt/Xilinx/14.7/ISE_DS/EDK/zynq/data/zynq.acd> with local file
</opt/Xilinx/14.7/ISE_DS/ISE/zynq/data/zynq.acd>
INSTANCE:sws_4bits -
/home/arlininger/FPGA/ZYBO/zybo_modified_system/source/ise/hw/system.mhs line 62
- Running XST synthesis
PMSPEC -- Overriding Xilinx file
</opt/Xilinx/14.7/ISE_DS/EDK/zynq/data/zynq.acd> with local file
</opt/Xilinx/14.7/ISE_DS/ISE/zynq/data/zynq.acd>
INSTANCE:btns_4bits -
/home/arlininger/FPGA/ZYBO/zybo_modified_system/source/ise/hw/system.mhs line 76
- Running XST synthesis
PMSPEC -- Overriding Xilinx file
</opt/Xilinx/14.7/ISE_DS/EDK/zynq/data/zynq.acd> with local file
</opt/Xilinx/14.7/ISE_DS/ISE/zynq/data/zynq.acd>
INSTANCE:processing_system7_0 -
/home/arlininger/FPGA/ZYBO/zybo_modified_system/source/ise/hw/system.mhs line 90
- Running XST synthesis
PMSPEC -- Overriding Xilinx file
</opt/Xilinx/14.7/ISE_DS/EDK/zynq/data/zynq.acd> with local file
</opt/Xilinx/14.7/ISE_DS/ISE/zynq/data/zynq.acd>
INSTANCE:axi_vdma_0 -
/home/arlininger/FPGA/ZYBO/zybo_modified_system/source/ise/hw/system.mhs line
211 - Running XST synthesis
PMSPEC -- Overriding Xilinx file
</opt/Xilinx/14.7/ISE_DS/EDK/zynq/data/zynq.acd> with local file
</opt/Xilinx/14.7/ISE_DS/ISE/zynq/data/zynq.acd>
Trying to terminate Process...
Writing filter settings....
Done writing filter settings to:
	/home/arlininger/FPGA/ZYBO/zybo_modified_system/source/ise/hw/etc/system.filters
Done writing Tab View settings to:
	/home/arlininger/FPGA/ZYBO/zybo_modified_system/source/ise/hw/etc/system.gui
Xilinx Platform Studio (XPS)
Xilinx EDK 14.7 Build EDK_P.20131013
Copyright (c) 1995-2012 Xilinx, Inc.  All rights reserved.


********************************************************************************
At Local date and time: Thu Jul 24 18:59:29 2014
 make -f system.make netlist started...
****************************************************
Creating system netlist for hardware specification..
****************************************************
platgen -p xc7z010clg400-2 -lang vhdl -intstyle default    -msg __xps/ise/xmsgprops.lst system.mhs

Release 14.7 - platgen Xilinx EDK 14.7 Build EDK_P.20131013
 (lin64)
Copyright (c) 1995-2013 Xilinx, Inc.  All rights reserved.


Command Line: platgen -p xc7z010clg400-2 -lang vhdl -intstyle default -msg
__xps/ise/xmsgprops.lst system.mhs 

Parse /home/arlininger/FPGA/ZYBO/zybo_modified_system/source/ise/hw/system.mhs
...

Read MPD definitions ...

Overriding IP level properties ...
INFO:EDK:4130 - IPNAME: axi_interconnect, INSTANCE:axi4lite_0 - tcl is
   overriding PARAMETER C_BASEFAMILY value to zynq -
   /opt/Xilinx/14.7/ISE_DS/EDK/hw/XilinxProcessorIPLib/pcores/axi_interconnect_v
   1_06_a/data/axi_interconnect_v2_1_0.mpd line 81 
INFO:EDK:4130 - IPNAME: processing_system7, INSTANCE:processing_system7_0 - tcl
   is overriding PARAMETER C_PACKAGE_NAME value to clg400 -
   /opt/Xilinx/14.7/ISE_DS/EDK/hw/XilinxProcessorIPLib/pcores/processing_system7
   _v4_03_a/data/processing_system7_v2_1_0.mpd line 185 
INFO:EDK:4130 - IPNAME: processing_system7, INSTANCE:processing_system7_0 - tcl
   is overriding PARAMETER C_S_AXI_HP0_HIGHADDR value to 0x1FFFFFFF -
   /opt/Xilinx/14.7/ISE_DS/EDK/hw/XilinxProcessorIPLib/pcores/processing_system7
   _v4_03_a/data/processing_system7_v2_1_0.mpd line 300 
INFO:EDK:4130 - IPNAME: processing_system7, INSTANCE:processing_system7_0 - tcl
   is overriding PARAMETER C_S_AXI_HP1_HIGHADDR value to 0x1FFFFFFF -
   /opt/Xilinx/14.7/ISE_DS/EDK/hw/XilinxProcessorIPLib/pcores/processing_system7
   _v4_03_a/data/processing_system7_v2_1_0.mpd line 304 
INFO:EDK:4130 - IPNAME: processing_system7, INSTANCE:processing_system7_0 - tcl
   is overriding PARAMETER C_S_AXI_HP2_HIGHADDR value to 0x1FFFFFFF -
   /opt/Xilinx/14.7/ISE_DS/EDK/hw/XilinxProcessorIPLib/pcores/processing_system7
   _v4_03_a/data/processing_system7_v2_1_0.mpd line 308 
INFO:EDK:4130 - IPNAME: processing_system7, INSTANCE:processing_system7_0 - tcl
   is overriding PARAMETER C_S_AXI_HP3_HIGHADDR value to 0x1FFFFFFF -
   /opt/Xilinx/14.7/ISE_DS/EDK/hw/XilinxProcessorIPLib/pcores/processing_system7
   _v4_03_a/data/processing_system7_v2_1_0.mpd line 312 
INFO:EDK:4130 - IPNAME: axi_interconnect, INSTANCE:axi_interconnect_1 - tcl is
   overriding PARAMETER C_BASEFAMILY value to zynq -
   /opt/Xilinx/14.7/ISE_DS/EDK/hw/XilinxProcessorIPLib/pcores/axi_interconnect_v
   1_06_a/data/axi_interconnect_v2_1_0.mpd line 81 

Computing clock values...
INFO:EDK:1432 - Frequency for Top-Level Input Clock
   'processing_system7_0_PS_CLK' is not specified. Clock DRCs will not be
   performed for IPs connected to that clock port, unless they are connected
   through the clock generator IP. 

INFO:EDK:740 - Cannot determine the input clock associated with port :
   axi_dispctrl_0:PXL_CLK_O. Clock DRCs will not be performed on this core and
   cores connected to it. 
INFO:EDK:740 - Cannot determine the input clock associated with port :
   axi_dispctrl_1:PXL_CLK_O. Clock DRCs will not be performed on this core and
   cores connected to it. 
INFO:EDK:740 - Cannot determine the input clock associated with port :
   axi_dispctrl_1:PXL_CLK_5X_O. Clock DRCs will not be performed on this core
   and cores connected to it. 
INFO:EDK:740 - Cannot determine the input clock associated with port :
   axi_dispctrl_1:PXL_CLK_O. Clock DRCs will not be performed on this core and
   cores connected to it. 

Performing IP level DRCs on properties...

Running DRC Tcl procedures for OPTION IPLEVEL_DRC_PROC...
INFO:EDK - INFO: DDR Base and High address in current configuration is
   0x00000000 and 0x1FFFFFFF respectively. 
INFO:EDK - INFO: You can modify the DDR address range accessed by Programmable
   Logic through the processing_system7 AXI slave interfaces. If MicroBlaze is a
   master on processing_system7 AXI slave interfaces, please use the top half of
   the address range (Base Address = 0x10000000; High Address = 0x1FFFFFFF). For
   all other master, any subset of the DDR address can be used. See Xilinx
   Answer 47167 for more information. 
Address Map for Processor processing_system7_0
  (0x41200000-0x4120ffff) SWs_4Bits	axi4lite_0
  (0x41220000-0x4122ffff) LEDs_4Bits	axi4lite_0
  (0x41240000-0x4124ffff) BTNs_4Bits	axi4lite_0
  (0x43000000-0x4300ffff) axi_vdma_1	axi4lite_0
  (0x43020000-0x4302ffff) axi_vdma_0	axi4lite_0
  (0x77600000-0x7760ffff) axi_i2s_adi_0	axi4lite_0
  (0x7de00000-0x7de0ffff) axi_dispctrl_1	axi4lite_0
  (0x7de20000-0x7de2ffff) axi_dispctrl_0	axi4lite_0

Checking platform address map ...

Checking platform configuration ...
IPNAME: axi_interconnect, INSTANCE: axi4lite_0 - 1 master(s) : 8 slave(s) 
IPNAME: axi_interconnect, INSTANCE: axi_interconnect_1 - 2 master(s) : 1
slave(s) 

Checking port drivers...
WARNING:EDK:4180 - PORT: S_AXIS_ARESETN, CONNECTOR:
   axi_vdma_0_M_AXIS_MM2S_ARESETN - No driver found. Port will be driven to VCC
   -
   /home/arlininger/FPGA/ZYBO/zybo_modified_system/source/ise/hw/pcores/axi_disp
   ctrl_v1_00_a/data/axi_dispctrl_v2_1_0.mpd line 86 
WARNING:EDK:4180 - PORT: S_AXIS_ARESETN, CONNECTOR:
   axi_vdma_1_M_AXIS_MM2S_ARESETN - No driver found. Port will be driven to VCC
   -
   /home/arlininger/FPGA/ZYBO/zybo_modified_system/source/ise/hw/pcores/axi_disp
   ctrl_v1_00_a/data/axi_dispctrl_v2_1_0.mpd line 86 
WARNING:EDK:4181 - PORT: FCLK_RESET1_N, CONNECTOR:
   processing_system7_0_FCLK_RESET1_N - floating connection -
   /home/arlininger/FPGA/ZYBO/zybo_modified_system/source/ise/hw/system.mhs line
   188 
WARNING:EDK:4181 - PORT: FCLK_RESET0_N, CONNECTOR:
   processing_system7_0_FCLK_RESET0_N_0 - floating connection -
   /home/arlininger/FPGA/ZYBO/zybo_modified_system/source/ise/hw/system.mhs line
   180 
WARNING:EDK:4181 - PORT: m_axis_mm2s_tuser, CONNECTOR:
   axi_vdma_0_M_AXIS_MM2S_TUSER - floating connection -
   /opt/Xilinx/14.7/ISE_DS/EDK/hw/XilinxProcessorIPLib/pcores/axi_vdma_v5_04_a/d
   ata/axi_vdma_v2_1_0.mpd line 212 
WARNING:EDK:4181 - PORT: mm2s_buffer_almost_empty, CONNECTOR:
   axi_vdma_0_mm2s_buffer_almost_empty - floating connection -
   /home/arlininger/FPGA/ZYBO/zybo_modified_system/source/ise/hw/system.mhs line
   233 
WARNING:EDK:4181 - PORT: m_axis_mm2s_tuser, CONNECTOR:
   axi_vdma_1_M_AXIS_MM2S_TUSER - floating connection -
   /opt/Xilinx/14.7/ISE_DS/EDK/hw/XilinxProcessorIPLib/pcores/axi_vdma_v5_04_a/d
   ata/axi_vdma_v2_1_0.mpd line 212 

Performing Clock DRCs...

Performing Reset DRCs...

Overriding system level properties...

INFO: Setting C_RANGE_CHECK = ON for axi_interconnect axi4lite_0.
INFO:EDK:4130 - IPNAME: axi_interconnect, INSTANCE:axi4lite_0 - tcl is
   overriding PARAMETER C_RANGE_CHECK value to 1 -
   /opt/Xilinx/14.7/ISE_DS/EDK/hw/XilinxProcessorIPLib/pcores/axi_interconnect_v
   1_06_a/data/axi_interconnect_v2_1_0.mpd line 149 
INFO:EDK:4130 - IPNAME: processing_system7, INSTANCE:processing_system7_0 - tcl
   is overriding PARAMETER C_FCLK_CLK3_BUF value to FALSE -
   /opt/Xilinx/14.7/ISE_DS/EDK/hw/XilinxProcessorIPLib/pcores/processing_system7
   _v4_03_a/data/processing_system7_v2_1_0.mpd line 353 

INFO: Setting C_RANGE_CHECK = OFF for axi_interconnect axi_interconnect_1; no
DECERR checking will be performed.
INFO:EDK:4130 - IPNAME: axi_interconnect, INSTANCE:axi_interconnect_1 - tcl is
   overriding PARAMETER C_RANGE_CHECK value to 0 -
   /opt/Xilinx/14.7/ISE_DS/EDK/hw/XilinxProcessorIPLib/pcores/axi_interconnect_v
   1_06_a/data/axi_interconnect_v2_1_0.mpd line 149 

Running system level update procedures...

Running UPDATE Tcl procedures for OPTION SYSLEVEL_UPDATE_PROC...
ZynqConfig: Terminated for tcl mode

Running system level DRCs...

Performing System level DRCs on properties...

Running DRC Tcl procedures for OPTION SYSLEVEL_DRC_PROC...
ZynqConfig: Terminated for tcl mode

Running UPDATE Tcl procedures for OPTION PLATGEN_SYSLEVEL_UPDATE_PROC...
INFO: No asynchronous clock conversions in axi_interconnect axi4lite_0.
ZynqConfig: Terminated for tcl mode
INFO: No asynchronous clock conversions in axi_interconnect axi_interconnect_1.

Modify defaults ...

Creating stub ...

Processing licensed instances ...
Completion time: 0.00 seconds

Creating hardware output directories ...

Managing hardware (BBD-specified) netlist files ...

Managing cache ...

Elaborating instances ...

Writing HDL for elaborated instances ...

Inserting wrapper level ...
Completion time: 0.00 seconds

Constructing platform-level connectivity ...
Completion time: 0.00 seconds

Writing (top-level) BMM ...

Writing (top-level and wrappers) HDL ...

Generating synthesis project file ...

Running XST synthesis ...

INFO:EDK:4211 - The following instances are synthesized with XST. The MPD option
   IMP_NETLIST=TRUE indicates that a NGC file is to be produced using XST
   synthesis. IMP_NETLIST=FALSE (default) instances are not synthesized. 
INSTANCE:axi4lite_0 -
/home/arlininger/FPGA/ZYBO/zybo_modified_system/source/ise/hw/system.mhs line 54
- Running XST synthesis
PMSPEC -- Overriding Xilinx file
</opt/Xilinx/14.7/ISE_DS/EDK/zynq/data/zynq.acd> with local file
</opt/Xilinx/14.7/ISE_DS/ISE/zynq/data/zynq.acd>
INSTANCE:sws_4bits -
/home/arlininger/FPGA/ZYBO/zybo_modified_system/source/ise/hw/system.mhs line 62
- Running XST synthesis
PMSPEC -- Overriding Xilinx file
</opt/Xilinx/14.7/ISE_DS/EDK/zynq/data/zynq.acd> with local file
</opt/Xilinx/14.7/ISE_DS/ISE/zynq/data/zynq.acd>
INSTANCE:btns_4bits -
/home/arlininger/FPGA/ZYBO/zybo_modified_system/source/ise/hw/system.mhs line 76
- Running XST synthesis
PMSPEC -- Overriding Xilinx file
</opt/Xilinx/14.7/ISE_DS/EDK/zynq/data/zynq.acd> with local file
</opt/Xilinx/14.7/ISE_DS/ISE/zynq/data/zynq.acd>
INSTANCE:processing_system7_0 -
/home/arlininger/FPGA/ZYBO/zybo_modified_system/source/ise/hw/system.mhs line 90
- Running XST synthesis
PMSPEC -- Overriding Xilinx file
</opt/Xilinx/14.7/ISE_DS/EDK/zynq/data/zynq.acd> with local file
</opt/Xilinx/14.7/ISE_DS/ISE/zynq/data/zynq.acd>
INSTANCE:axi_vdma_0 -
/home/arlininger/FPGA/ZYBO/zybo_modified_system/source/ise/hw/system.mhs line
211 - Running XST synthesis
PMSPEC -- Overriding Xilinx file
</opt/Xilinx/14.7/ISE_DS/EDK/zynq/data/zynq.acd> with local file
</opt/Xilinx/14.7/ISE_DS/ISE/zynq/data/zynq.acd>
INSTANCE:axi_interconnect_1 -
/home/arlininger/FPGA/ZYBO/zybo_modified_system/source/ise/hw/system.mhs line
236 - Running XST synthesis
PMSPEC -- Overriding Xilinx file
</opt/Xilinx/14.7/ISE_DS/EDK/zynq/data/zynq.acd> with local file
</opt/Xilinx/14.7/ISE_DS/ISE/zynq/data/zynq.acd>
INSTANCE:axi_dispctrl_0 -
/home/arlininger/FPGA/ZYBO/zybo_modified_system/source/ise/hw/system.mhs line
244 - Running XST synthesis
PMSPEC -- Overriding Xilinx file
</opt/Xilinx/14.7/ISE_DS/EDK/zynq/data/zynq.acd> with local file
</opt/Xilinx/14.7/ISE_DS/ISE/zynq/data/zynq.acd>
INSTANCE:axi_vdma_1 -
/home/arlininger/FPGA/ZYBO/zybo_modified_system/source/ise/hw/system.mhs line
262 - Running XST synthesis
PMSPEC -- Overriding Xilinx file
</opt/Xilinx/14.7/ISE_DS/EDK/zynq/data/zynq.acd> with local file
</opt/Xilinx/14.7/ISE_DS/ISE/zynq/data/zynq.acd>
Writing filter settings....
Done writing filter settings to:
	/home/arlininger/FPGA/ZYBO/zybo_modified_system/source/ise/hw/etc/system.filters
Done writing Tab View settings to:
	/home/arlininger/FPGA/ZYBO/zybo_modified_system/source/ise/hw/etc/system.gui
INSTANCE:axi_dispctrl_1 -
/home/arlininger/FPGA/ZYBO/zybo_modified_system/source/ise/hw/system.mhs line
286 - Running XST synthesis
PMSPEC -- Overriding Xilinx file
</opt/Xilinx/14.7/ISE_DS/EDK/zynq/data/zynq.acd> with local file
</opt/Xilinx/14.7/ISE_DS/ISE/zynq/data/zynq.acd>
INSTANCE:leds_4bits -
/home/arlininger/FPGA/ZYBO/zybo_modified_system/source/ise/hw/system.mhs line
308 - Running XST synthesis
PMSPEC -- Overriding Xilinx file
</opt/Xilinx/14.7/ISE_DS/EDK/zynq/data/zynq.acd> with local file
</opt/Xilinx/14.7/ISE_DS/ISE/zynq/data/zynq.acd>
INSTANCE:hdmi_tx_0 -
/home/arlininger/FPGA/ZYBO/zybo_modified_system/source/ise/hw/system.mhs line
319 - Running XST synthesis
PMSPEC -- Overriding Xilinx file
</opt/Xilinx/14.7/ISE_DS/EDK/zynq/data/zynq.acd> with local file
</opt/Xilinx/14.7/ISE_DS/ISE/zynq/data/zynq.acd>
INSTANCE:axi_i2s_adi_0 -
/home/arlininger/FPGA/ZYBO/zybo_modified_system/source/ise/hw/system.mhs line
342 - Running XST synthesis
PMSPEC -- Overriding Xilinx file
</opt/Xilinx/14.7/ISE_DS/EDK/zynq/data/zynq.acd> with local file
</opt/Xilinx/14.7/ISE_DS/ISE/zynq/data/zynq.acd>

Running NGCBUILD ...
IPNAME:system_axi4lite_0_wrapper INSTANCE:axi4lite_0 -
/home/arlininger/FPGA/ZYBO/zybo_modified_system/source/ise/hw/system.mhs line 54
- Running NGCBUILD
PMSPEC -- Overriding Xilinx file
</opt/Xilinx/14.7/ISE_DS/EDK/zynq/data/zynq.acd> with local file
</opt/Xilinx/14.7/ISE_DS/ISE/zynq/data/zynq.acd>

Command Line: /opt/Xilinx/14.7/ISE_DS/ISE/bin/lin64/unwrapped/ngcbuild -p
xc7z010clg400-2 -intstyle silent -i -sd .. system_axi4lite_0_wrapper.ngc
../system_axi4lite_0_wrapper

Reading NGO file
"/home/arlininger/FPGA/ZYBO/zybo_modified_system/source/ise/hw/implementation/ax
i4lite_0_wrapper/system_axi4lite_0_wrapper.ngc" ...

Partition Implementation Status
-------------------------------

  No Partitions were found in this design.

-------------------------------

NGCBUILD Design Results Summary:
  Number of errors:     0
  Number of warnings:   0

Writing NGC file "../system_axi4lite_0_wrapper.ngc" ...
Total REAL time to NGCBUILD completion:  3 sec
Total CPU time to NGCBUILD completion:   3 sec

Writing NGCBUILD log file "../system_axi4lite_0_wrapper.blc"...

NGCBUILD done.
IPNAME:system_axi_vdma_0_wrapper INSTANCE:axi_vdma_0 -
/home/arlininger/FPGA/ZYBO/zybo_modified_system/source/ise/hw/system.mhs line
211 - Running NGCBUILD
PMSPEC -- Overriding Xilinx file
</opt/Xilinx/14.7/ISE_DS/EDK/zynq/data/zynq.acd> with local file
</opt/Xilinx/14.7/ISE_DS/ISE/zynq/data/zynq.acd>

Command Line: /opt/Xilinx/14.7/ISE_DS/ISE/bin/lin64/unwrapped/ngcbuild -p
xc7z010clg400-2 -intstyle silent -i -sd .. system_axi_vdma_0_wrapper.ngc
../system_axi_vdma_0_wrapper

Reading NGO file
"/home/arlininger/FPGA/ZYBO/zybo_modified_system/source/ise/hw/implementation/ax
i_vdma_0_wrapper/system_axi_vdma_0_wrapper.ngc" ...
Loading design module "../system_axi_vdma_0_wrapper_fifo_generator_v9_3.ngc"...
Loading design module "../system_axi_vdma_0_wrapper_fifo_generator_v9_1.ngc"...

Partition Implementation Status
-------------------------------

  No Partitions were found in this design.

-------------------------------

NGCBUILD Design Results Summary:
  Number of errors:     0
  Number of warnings:   0

Writing NGC file "../system_axi_vdma_0_wrapper.ngc" ...
Total REAL time to NGCBUILD completion:  3 sec
Total CPU time to NGCBUILD completion:   3 sec

Writing NGCBUILD log file "../system_axi_vdma_0_wrapper.blc"...

NGCBUILD done.
IPNAME:system_axi_interconnect_1_wrapper INSTANCE:axi_interconnect_1 -
/home/arlininger/FPGA/ZYBO/zybo_modified_system/source/ise/hw/system.mhs line
236 - Running NGCBUILD
PMSPEC -- Overriding Xilinx file
</opt/Xilinx/14.7/ISE_DS/EDK/zynq/data/zynq.acd> with local file
</opt/Xilinx/14.7/ISE_DS/ISE/zynq/data/zynq.acd>

Command Line: /opt/Xilinx/14.7/ISE_DS/ISE/bin/lin64/unwrapped/ngcbuild -p
xc7z010clg400-2 -intstyle silent -i -sd .. system_axi_interconnect_1_wrapper.ngc
../system_axi_interconnect_1_wrapper

Reading NGO file
"/home/arlininger/FPGA/ZYBO/zybo_modified_system/source/ise/hw/implementation/ax
i_interconnect_1_wrapper/system_axi_interconnect_1_wrapper.ngc" ...
Loading design module
"../system_axi_interconnect_1_wrapper_fifo_generator_v9_1_1.ngc"...
Loading design module
"../system_axi_interconnect_1_wrapper_fifo_generator_v9_1_2.ngc"...

Partition Implementation Status
-------------------------------

  No Partitions were found in this design.

-------------------------------

NGCBUILD Design Results Summary:
  Number of errors:     0
  Number of warnings:   0

Writing NGC file "../system_axi_interconnect_1_wrapper.ngc" ...
Total REAL time to NGCBUILD completion:  3 sec
Total CPU time to NGCBUILD completion:   3 sec

Writing NGCBUILD log file "../system_axi_interconnect_1_wrapper.blc"...

NGCBUILD done.
IPNAME:system_axi_vdma_1_wrapper INSTANCE:axi_vdma_1 -
/home/arlininger/FPGA/ZYBO/zybo_modified_system/source/ise/hw/system.mhs line
262 - Running NGCBUILD
PMSPEC -- Overriding Xilinx file
</opt/Xilinx/14.7/ISE_DS/EDK/zynq/data/zynq.acd> with local file
</opt/Xilinx/14.7/ISE_DS/ISE/zynq/data/zynq.acd>

Command Line: /opt/Xilinx/14.7/ISE_DS/ISE/bin/lin64/unwrapped/ngcbuild -p
xc7z010clg400-2 -intstyle silent -i -sd .. system_axi_vdma_1_wrapper.ngc
../system_axi_vdma_1_wrapper

Reading NGO file
"/home/arlininger/FPGA/ZYBO/zybo_modified_system/source/ise/hw/implementation/ax
i_vdma_1_wrapper/system_axi_vdma_1_wrapper.ngc" ...
Loading design module "../system_axi_vdma_1_wrapper_fifo_generator_v9_3.ngc"...
Loading design module "../system_axi_vdma_1_wrapper_fifo_generator_v9_1.ngc"...

Partition Implementation Status
-------------------------------

  No Partitions were found in this design.

-------------------------------

NGCBUILD Design Results Summary:
  Number of errors:     0
  Number of warnings:   0

Writing NGC file "../system_axi_vdma_1_wrapper.ngc" ...
Total REAL time to NGCBUILD completion:  3 sec
Total CPU time to NGCBUILD completion:   3 sec

Writing NGCBUILD log file "../system_axi_vdma_1_wrapper.blc"...

NGCBUILD done.
INFO:EDK:3509 - NCF files should not be modified as they will be regenerated.
   If any constraint needs to be overridden, this should be done by modifying
   the data/system.ucf file.

Rebuilding cache ...

Total run time: 612.00 seconds
Running synthesis...
bash -c "cd synthesis; ./synthesis.sh"
xst -ifn system_xst.scr -intstyle silent
Running XST synthesis ...
PMSPEC -- Overriding Xilinx file
</opt/Xilinx/14.7/ISE_DS/EDK/zynq/data/zynq.acd> with local file
</opt/Xilinx/14.7/ISE_DS/ISE/zynq/data/zynq.acd>
XST completed
Done!
